07/19/2026 09:06:54 PM: INFO: Execution Mode : standalone
07/19/2026 09:06:54 PM: INFO: Environment    : local
07/19/2026 09:06:54 PM: INFO: Browser        : chrome
07/19/2026 09:06:54 PM: INFO: Browser Mode   : headless
07/19/2026 09:06:56 PM: INFO: test_search--> test_search_empty_product sta07/19/2026 09:06:58 PM: INFO: test_login--> test_login_valid_cred completed

07/19/2026 09:06:58 PM: INFO: Closing Browser
07/19/2026 09:06:58 PM: INFO: Execution Mode : standalone
07/19/2026 09:06:58 PM: INFO: Environment    : local
07/19/2026 09:06:58 PM: INFO: Browser        : chrome
07/19/2026 09:06:58 PM: INFO: Browser Mode   : headless
07/19/2026 09:07:00 PM: INFO: test_invalid_login--> test_invalid_login started
07/19/2026 09:07:03 PM: INFO: test_invalid_login--> test_invalid_login completed

07/19/2026 09:07:03 PM: INFO: Closing Browser
07/19/2026 09:07:03 PM: INFO: Execution Mode : standalone
07/19/2026 09:07:03 PM: INFO: Environment    : local
07/19/2026 09:07:03 PM: INFO: Browser        : chrome
07/19/2026 09:07:03 PM: INFO: Browser Mode   : headless
07/19/2026 09:07:04 PM: INFO: test_register--> test_register_all_fields started007/19/2026 09:07:10 PM: INFO: test_register--> test_register_all_fields completed

07/19/2026 09:07:10 PM: INFO: Closing Browser
07/19/2026 09:07:10 PM: INFO: Execution Mode : standalone
07/19/2026 09:07:10 PM: INFO: Environment    : local
07/19/2026 09:07:10 PM: INFO: Browser        : chrome
07/19/2026 09:07:10 PM: INFO: Browser Mode   : headless
07/19/2026 09:07:11 PM: INFO: test_register--> test_register_existing_mail sta07/1907/19/2026 09:07:16 PM: INFO: test_register--> test_register_existing_mail completed

07/19/2026 09:07:16 PM: INFO: Closing Browser
owser
07/19/2026 09:07:11 PM: INFO: Execution Mode : standalone
07/19/2026 09:07:11 PM: INFO: Environment    : local
07/19/2026 09:07:11 PM: INFO: Browser        : chrome
07/19/2026 09:07:11 PM: INFO: Browser Mode   : headless
07/19/2026 09:07:13 PM: INFO: test_register--> test_register_without_anyfields started
07/19/2026 09:07:17 PM: INFO: test_register--> test_register_without_anyfields completed

07/19/2026 09:07:17 PM: INFO: Closing Browser
